<?xml version="1.0" encoding="UTF-8"?>
<coverage generated="1723623479256" clover="3.2.0">
  <project timestamp="1723623479256" name="All files">
    <metrics statements="9" coveredstatements="9" conditionals="6" coveredconditionals="6" methods="2" coveredmethods="2" elements="17" coveredelements="17" complexity="0" loc="9" ncloc="9" packages="1" files="2" classes="2"/>
    <file name="add.js" path="/home/ruoxi/WORK/node2/13-unit-testing/add.js">
      <metrics statements="4" coveredstatements="4" conditionals="4" coveredconditionals="4" methods="1" coveredmethods="1"/>
      <line num="2" count="1" type="stmt"/>
      <line num="3" count="2" type="cond" truecount="4" falsecount="0"/>
      <line num="4" count="1" type="stmt"/>
      <line num="6" count="1" type="stmt"/>
    </file>
    <file name="req-pro.js" path="/home/ruoxi/WORK/node2/13-unit-testing/req-pro.js">
      <metrics statements="5" coveredstatements="5" conditionals="2" coveredconditionals="2" methods="1" coveredmethods="1"/>
      <line num="2" count="1" type="stmt"/>
      <line num="3" count="1" type="stmt"/>
      <line num="4" count="2" type="stmt"/>
      <line num="5" count="2" type="cond" truecount="2" falsecount="0"/>
      <line num="6" count="1" type="stmt"/>
    </file>
  </project>
</coverage>
