{"/home/ruoxi/WORK/node2/13-unit-testing/add.js": {"path":"/home/ruoxi/WORK/node2/13-unit-testing/add.js","statementMap":{"0":{"start":{"line":2,"column":0},"end":{"line":7,"column":1}},"1":{"start":{"line":3,"column":2},"end":{"line":5,"column":3}},"2":{"start":{"line":4,"column":4},"end":{"line":4,"column":41}},"3":{"start":{"line":6,"column":2},"end":{"line":6,"column":14}}},"fnMap":{"0":{"name":"(anonymous_0)","decl":{"start":{"line":2,"column":17},"end":{"line":2,"column":18}},"loc":{"start":{"line":2,"column":27},"end":{"line":7,"column":1}},"line":2}},"branchMap":{"0":{"loc":{"start":{"line":3,"column":2},"end":{"line":5,"column":3}},"type":"if","locations":[{"start":{"line":3,"column":2},"end":{"line":5,"column":3}},{"start":{},"end":{}}],"line":3},"1":{"loc":{"start":{"line":3,"column":6},"end":{"line":3,"column":52}},"type":"binary-expr","locations":[{"start":{"line":3,"column":6},"end":{"line":3,"column":27}},{"start":{"line":3,"column":31},"end":{"line":3,"column":52}}],"line":3}},"s":{"0":1,"1":2,"2":1,"3":1},"f":{"0":2},"b":{"0":[1,1],"1":[2,1]},"_coverageSchema":"1a1c01bbd47fc00a2c39e90264f33305004495a9","hash":"2f056ee50ef9bf11eb824cf718883e47e5b3342c"}
,"/home/ruoxi/WORK/node2/13-unit-testing/req-pro.js": {"path":"/home/ruoxi/WORK/node2/13-unit-testing/req-pro.js","statementMap":{"0":{"start":{"line":2,"column":32},"end":{"line":2,"column":58}},"1":{"start":{"line":3,"column":0},"end":{"line":7,"column":1}},"2":{"start":{"line":4,"column":2},"end":{"line":4,"column":20}},"3":{"start":{"line":5,"column":2},"end":{"line":5,"column":63}},"4":{"start":{"line":5,"column":35},"end":{"line":5,"column":63}},"5":{"start":{"line":6,"column":2},"end":{"line":6,"column":33}}},"fnMap":{"0":{"name":"(anonymous_0)","decl":{"start":{"line":3,"column":17},"end":{"line":3,"column":18}},"loc":{"start":{"line":3,"column":32},"end":{"line":7,"column":1}},"line":3}},"branchMap":{"0":{"loc":{"start":{"line":5,"column":2},"end":{"line":5,"column":63}},"type":"if","locations":[{"start":{"line":5,"column":2},"end":{"line":5,"column":63}},{"start":{},"end":{}}],"line":5}},"s":{"0":1,"1":1,"2":2,"3":2,"4":1,"5":1},"f":{"0":2},"b":{"0":[1,1]},"_coverageSchema":"1a1c01bbd47fc00a2c39e90264f33305004495a9","hash":"1d71eb7439ae13e41d50019f7f97b70de8efc142"}
}
